<?xml version="1.0" encoding="UTF-8"?>
<!-- Generated by org.testng.reporters.JUnitXMLReporter -->
<testsuite hostname="aravind" ignored="0" name="Test" tests="15" failures="0" timestamp="10 Feb 2017 11:44:20 GMT" time="393.744" errors="0">
  <testcase name="getpagetitle" time="8.717" classname="Employer.EmployeeRegistration"/>
  <testcase name="verifyPagetitle" time="0.575" classname="Employer.EmployeeRegistration"/>
  <testcase name="login" time="25.301" classname="Employer.EmployeeRegistration"/>
  <testcase name="logout" time="5.047" classname="Employer.EmployeeRegistration"/>
  <testcase name="employerRegistrationpageNavigation" time="17.099" classname="Employer.EmployeeRegistration"/>
  <testcase name="employerRegistration" time="6.095" classname="Employer.EmployeeRegistration"/>
  <testcase name="navigatebackafterRegistration" time="5.014" classname="Employer.EmployeeRegistration"/>
  <testcase name="loginwithNewlyRegistereduser" time="33.461" classname="Employer.LogincheckwithRegistereduser"/>
  <testcase name="logintoPostaJob" time="23.381" classname="Employer.PostaJob"/>
  <testcase name="NavigationToPostJob" time="5.054" classname="Employer.PostaJob"/>
  <testcase name="EnteringDetailsInPostJobScreen" time="121.279" classname="Employer.PostaJob"/>
  <testcase name="loginToEditPostJob" time="21.698" classname="Employer.EditPostedJob"/>
  <testcase name="NavigatingToEditapostedJob" time="14.064" classname="Employer.EditPostedJob"/>
  <testcase name="EditingTheExistingpostJobDetails" time="56.745" classname="Employer.EditPostedJob"/>
  <testcase name="addnewProfileInPracticeProfileScreen" time="37.923" classname="Employer.AddAnotherProfile"/>
</testsuite> <!-- Test -->
